<?xml version="1.0" encoding="UTF-8"?>
<!-- Generated by org.testng.reporters.JUnitReportReporter -->
<testsuite hostname="DESKTOP-04BQL73" failures="0" tests="1" name="testCases.TC001_AccountRegistrationTest" time="5.222" errors="0" timestamp="2024-08-27T13:40:15 IST" skipped="0">
  <testcase classname="testCases.TC001_AccountRegistrationTest" name="verify_account_registration" time="5.222"/>
</testsuite> <!-- testCases.TC001_AccountRegistrationTest -->
