<?xml version="1.0" encoding="UTF-8"?>
<!-- Generated by org.testng.reporters.JUnitReportReporter -->
<testsuite hostname="DESKTOP-04BQL73" failures="0" tests="1" name="testCases.TC001_AccountRegistrationTest" time="4.007" errors="0" timestamp="2024-08-31T11:21:39 IST" skipped="0">
  <testcase classname="testCases.TC001_AccountRegistrationTest" name="verify_account_registration" time="4.007"/>
</testsuite> <!-- testCases.TC001_AccountRegistrationTest -->
