<?xml version="1.0" encoding="UTF-8"?>
<!-- Generated by org.testng.reporters.JUnitReportReporter -->
<testsuite hostname="DESKTOP-04BQL73" failures="0" tests="1" name="testCases.TC002_LoginTest" time="1.698" errors="0" timestamp="2024-08-31T11:21:39 IST" skipped="0">
  <testcase classname="testCases.TC002_LoginTest" name="verify_Login" time="1.698"/>
</testsuite> <!-- testCases.TC002_LoginTest -->
